# JRE version: OpenJDK Runtime Environment (11.0.5+10) (build 11.0.5+10-post-Ubuntu-0ubuntu1.118.04)
# Java VM: OpenJDK 64-Bit Server VM (11.0.5+10-post-Ubuntu-0ubuntu1.118.04, mixed mode, sharing, tiered, compressed oops, g1 gc, linux-amd64)
Heap:
 garbage-first heap   total 380928K, used 134255K [0x0000000709c00000, 0x0000000800000000)
  region size 1024K, 26 young (26624K), 13 survivors (13312K)
 Metaspace       used 80734K, capacity 114770K, committed 115064K, reserved 1130496K
  class space    used 21821K, capacity 33295K, committed 33400K, reserved 1048576K
GC Heap History (20 events):
Event: 267.507 GC heap before
{Heap before GC invocations=37 (full 0):
 garbage-first heap   total 380928K, used 301220K [0x0000000709c00000, 0x0000000800000000)
  region size 1024K, 223 young (228352K), 15 survivors (15360K)
 Metaspace       used 70385K, capacity 99068K, committed 99192K, reserved 1120256K
  class space    used 19006K, capacity 28730K, committed 28792K, reserved 1048576K
}
Event: 267.518 GC heap after
{Heap after GC invocations=38 (full 0):
 garbage-first heap   total 380928K, used 89543K [0x0000000709c00000, 0x0000000800000000)
  region size 1024K, 16 young (16384K), 16 survivors (16384K)
 Metaspace       used 70385K, capacity 99068K, committed 99192K, reserved 1120256K
  class space    used 19006K, capacity 28730K, committed 28792K, reserved 1048576K
}
Event: 400.674 GC heap before
{Heap before GC invocations=38 (full 0):
 garbage-first heap   total 380928K, used 301511K [0x0000000709c00000, 0x0000000800000000)
  region size 1024K, 223 young (228352K), 16 survivors (16384K)
 Metaspace       used 70929K, capacity 100168K, committed 100344K, reserved 1120256K
  class space    used 19198K, capacity 29078K, committed 29176K, reserved 1048576K
}
Event: 400.685 GC heap after
{Heap after GC invocations=39 (full 0):
 garbage-first heap   total 380928K, used 92531K [0x0000000709c00000, 0x0000000800000000)
  region size 1024K, 16 young (16384K), 16 survivors (16384K)
 Metaspace       used 70929K, capacity 100168K, committed 100344K, reserved 1120256K
  class space    used 19198K, capacity 29078K, committed 29176K, reserved 1048576K
}
Event: 462.057 GC heap before
{Heap before GC invocations=39 (full 0):
 garbage-first heap   total 380928K, used 304499K [0x0000000709c00000, 0x0000000800000000)
  region size 1024K, 223 young (228352K), 16 survivors (16384K)
 Metaspace       used 71263K, capacity 100820K, committed 100984K, reserved 1120256K
  class space    used 19325K, capacity 29301K, committed 29304K, reserved 1048576K
}
Event: 462.067 GC heap after
{Heap after GC invocations=40 (full 0):
 garbage-first heap   total 380928K, used 96897K [0x0000000709c00000, 0x0000000800000000)
  region size 1024K, 20 young (20480K), 20 survivors (20480K)
 Metaspace       used 71263K, capacity 100820K, committed 100984K, reserved 1120256K
  class space    used 19325K, capacity 29301K, committed 29304K, reserved 1048576K
}
Event: 628.653 GC heap before
{Heap before GC invocations=40 (full 0):
 garbage-first heap   total 380928K, used 304769K [0x0000000709c00000, 0x0000000800000000)
  region size 1024K, 223 young (228352K), 20 survivors (20480K)
 Metaspace       used 72144K, capacity 102156K, committed 102264K, reserved 1122304K
  class space    used 19649K, capacity 29801K, committed 29816K, reserved 1048576K
}
Event: 628.663 GC heap after
{Heap after GC invocations=41 (full 0):
 garbage-first heap   total 380928K, used 95543K [0x0000000709c00000, 0x0000000800000000)
  region size 1024K, 13 young (13312K), 13 survivors (13312K)
 Metaspace       used 72144K, capacity 102156K, committed 102264K, reserved 1122304K
  class space    used 19649K, capacity 29801K, committed 29816K, reserved 1048576K
}
Event: 629.151 GC heap before
{Heap before GC invocations=41 (full 0):
 garbage-first heap   total 380928K, used 310583K [0x0000000709c00000, 0x0000000800000000)
  region size 1024K, 223 young (228352K), 13 survivors (13312K)
 Metaspace       used 73706K, capacity 104739K, committed 105080K, reserved 1124352K
  class space    used 20174K, capacity 30696K, committed 30840K, reserved 1048576K
}
Event: 629.163 GC heap after
{Heap after GC invocations=42 (full 0):
 garbage-first heap   total 380928K, used 111288K [0x0000000709c00000, 0x0000000800000000)
  region size 1024K, 28 young (28672K), 28 survivors (28672K)
 Metaspace       used 73706K, capacity 104739K, committed 105080K, reserved 1124352K
  class space    used 20174K, capacity 30696K, committed 30840K, reserved 1048576K
}
Event: 693.709 GC heap before
{Heap before GC invocations=42 (full 0):
 garbage-first heap   total 380928K, used 310968K [0x0000000709c00000, 0x0000000800000000)
  region size 1024K, 223 young (228352K), 28 survivors (28672K)
 Metaspace       used 75048K, capacity 106951K, committed 107256K, reserved 1124352K
  class space    used 20603K, capacity 31360K, committed 31480K, reserved 1048576K
}
Event: 693.721 GC heap after
{Heap after GC invocations=43 (full 0):
 garbage-first heap   total 380928K, used 115603K [0x0000000709c00000, 0x0000000800000000)
  region size 1024K, 6 young (6144K), 6 survivors (6144K)
 Metaspace       used 75048K, capacity 106951K, committed 107256K, reserved 1124352K
  class space    used 20603K, capacity 31360K, committed 31480K, reserved 1048576K
}
Event: 739.645 GC heap before
{Heap before GC invocations=43 (full 0):
 garbage-first heap   total 380928K, used 318355K [0x0000000709c00000, 0x0000000800000000)
  region size 1024K, 204 young (208896K), 6 survivors (6144K)
 Metaspace       used 75586K, capacity 107955K, committed 108280K, reserved 1126400K
  class space    used 20758K, capacity 31655K, committed 31736K, reserved 1048576K
}
Event: 739.648 GC heap after
{Heap after GC invocations=44 (full 0):
 garbage-first heap   total 380928K, used 118675K [0x0000000709c00000, 0x0000000800000000)
  region size 1024K, 9 young (9216K), 9 survivors (9216K)
 Metaspace       used 75586K, capacity 107955K, committed 108280K, reserved 1126400K
  class space    used 20758K, capacity 31655K, committed 31736K, reserved 1048576K
}
Event: 800.796 GC heap before
{Heap before GC invocations=44 (full 0):
 garbage-first heap   total 380928K, used 319379K [0x0000000709c00000, 0x0000000800000000)
  region size 1024K, 205 young (209920K), 9 survivors (9216K)
 Metaspace       used 75838K, capacity 108411K, committed 108664K, reserved 1126400K
  class space    used 20831K, capacity 31783K, committed 31864K, reserved 1048576K
}
Event: 800.804 GC heap after
{Heap after GC invocations=45 (full 0):
 garbage-first heap   total 380928K, used 117862K [0x0000000709c00000, 0x0000000800000000)
  region size 1024K, 9 young (9216K), 9 survivors (9216K)
 Metaspace       used 75838K, capacity 108411K, committed 108664K, reserved 1126400K
  class space    used 20831K, capacity 31783K, committed 31864K, reserved 1048576K
}
Event: 801.114 GC heap before
{Heap before GC invocations=45 (full 0):
 garbage-first heap   total 380928K, used 319590K [0x0000000709c00000, 0x0000000800000000)
  region size 1024K, 206 young (210944K), 9 survivors (9216K)
 Metaspace       used 76028K, capacity 108825K, committed 109048K, reserved 1126400K
  class space    used 20889K, capacity 31921K, committed 31992K, reserved 1048576K
}
Event: 801.117 GC heap after
{Heap after GC invocations=46 (full 0):
 garbage-first heap   total 380928K, used 119462K [0x0000000709c00000, 0x0000000800000000)
  region size 1024K, 10 young (10240K), 10 survivors (10240K)
 Metaspace       used 76028K, capacity 108825K, committed 109048K, reserved 1126400K
  class space    used 20889K, capacity 31921K, committed 31992K, reserved 1048576K
}
Event: 801.792 GC heap before
{Heap before GC invocations=46 (full 0):
 garbage-first heap   total 380928K, used 323238K [0x0000000709c00000, 0x0000000800000000)
  region size 1024K, 209 young (214016K), 10 survivors (10240K)
 Metaspace       used 79219K, capacity 113105K, committed 113144K, reserved 1130496K
  class space    used 21594K, capacity 32989K, committed 33016K, reserved 1048576K
}
Event: 801.796 GC heap after
{Heap after GC invocations=47 (full 0):
 garbage-first heap   total 380928K, used 121967K [0x0000000709c00000, 0x0000000800000000)
  region size 1024K, 13 young (13312K), 13 survivors (13312K)
 Metaspace       used 79219K, capacity 113105K, committed 113144K, reserved 1130496K
  class space    used 21594K, capacity 32989K, committed 33016K, reserved 1048576K
}

